<?xml version="1.0" encoding="UTF-8"?>
<testsuite xmlns:xsi="http://www.w3.org/2001/XMLSchema-instance" xsi:noNamespaceSchemaLocation="https://maven.apache.org/surefire/maven-surefire-plugin/xsd/surefire-test-report-3.0.xsd" version="3.0" name="com.microservices.zuulserver.ZuulServerApplicationTests" time="3.03" tests="1" errors="0" skipped="0" failures="0">
  <properties>
[...]
</properties>
  <testcase name="contextLoads" classname="com.microservices.zuulserver.ZuulServerApplicationTests" time="0.422">
    <system-out><![CDATA[12:28:59.759 [main] INFO org.springframework.test.context.support.AnnotationConfigContextLoaderUtils -- Could not detect default configuration classes for test class [com.microservices.zuulserver.ZuulServerApplicationTests]: ZuulServerApplicationTests does not declare any static, non-private, non-final, nested classes annotated with @Configuration.
12:28:59.801 [main] INFO org.springframework.boot.test.context.SpringBootTestContextBootstrapper -- Found @SpringBootConfiguration com.microservices.zuulserver.ZuulServerApplication for test class com.microservices.zuulserver.ZuulServerApplicationTests

  .   ____          _            __ _ _
 /\\ / ___'_ __ _ _(_)_ __  __ _ \ \ \ \
( ( )\___ | '_ | '_| | '_ \/ _` | \ \ \ \
 \\/  ___)| |_)| | | | | || (_| |  ) ) ) )
  '  |____| .__|_| |_|_| |_\__, | / / / /
 =========|_|==============|___/=/_/_/_/

 :: Spring Boot ::                (v3.3.4)

2024-10-06T12:29:00.200+02:00  INFO 25990 --- [zuul-server] [           main] c.c.c.ConfigServicePropertySourceLocator : Fetching config from server at : http://localhost:8888
2024-10-06T12:29:00.987+02:00  INFO 25990 --- [zuul-server] [           main] c.c.c.ConfigServicePropertySourceLocator : Located environment: name=zuul-server, profiles=[default], label=null, version=ad2b871a0a0fd2c31b13cec598de5378d6666189, state=null
2024-10-06T12:29:00.987+02:00  INFO 25990 --- [zuul-server] [           main] b.c.PropertySourceBootstrapConfiguration : Located property source: [BootstrapPropertySource {name='bootstrapProperties-configClient'}, BootstrapPropertySource {name='bootstrapProperties-https://github.com/aminajalidy/microservices-architecture/config-server-repo/zuul-server.properties'}]
2024-10-06T12:29:00.995+02:00  INFO 25990 --- [zuul-server] [           main] c.m.z.ZuulServerApplicationTests         : No active profile set, falling back to 1 default profile: "default"
2024-10-06T12:29:01.344+02:00  INFO 25990 --- [zuul-server] [           main] o.s.cloud.context.scope.GenericScope     : BeanFactory id=81ed149a-af08-325e-addf-08a21e5ae3e3
2024-10-06T12:29:01.447+02:00  WARN 25990 --- [zuul-server] [           main] trationDelegate$BeanPostProcessorChecker : Bean 'org.springframework.cloud.client.loadbalancer.LoadBalancerAutoConfiguration$DeferringLoadBalancerInterceptorConfig' of type [org.springframework.cloud.client.loadbalancer.LoadBalancerAutoConfiguration$DeferringLoadBalancerInterceptorConfig] is not eligible for getting processed by all BeanPostProcessors (for example: not eligible for auto-proxying). The currently created BeanPostProcessor [lbRestClientPostProcessor] is declared through a non-static factory method on that class; consider declaring it as static instead.
2024-10-06T12:29:01.448+02:00  WARN 25990 --- [zuul-server] [           main] trationDelegate$BeanPostProcessorChecker : Bean 'deferringLoadBalancerInterceptor' of type [org.springframework.cloud.client.loadbalancer.DeferringLoadBalancerInterceptor] is not eligible for getting processed by all BeanPostProcessors (for example: not eligible for auto-proxying). Is this bean getting eagerly injected into a currently created BeanPostProcessor [lbRestClientPostProcessor]? Check the corresponding BeanPostProcessor declaration and its dependencies.
2024-10-06T12:29:01.979+02:00  INFO 25990 --- [zuul-server] [           main] DiscoveryClientOptionalArgsConfiguration : Eureka HTTP Client uses RestTemplate.
2024-10-06T12:29:02.005+02:00  WARN 25990 --- [zuul-server] [           main] iguration$LoadBalancerCaffeineWarnLogger : Spring Cloud LoadBalancer is currently working with the default cache. While this cache implementation is useful for development and tests, it's recommended to use Caffeine cache in production.You can switch to using Caffeine cache, by adding it and org.springframework.cache.caffeine.CaffeineCacheManager to the classpath.
2024-10-06T12:29:02.011+02:00  INFO 25990 --- [zuul-server] [           main] o.s.b.a.e.web.EndpointLinksResolver      : Exposing 1 endpoint beneath base path '/actuator'
2024-10-06T12:29:02.042+02:00  INFO 25990 --- [zuul-server] [           main] o.s.c.n.eureka.InstanceInfoFactory       : Setting initial instance status as: STARTING
2024-10-06T12:29:02.071+02:00  INFO 25990 --- [zuul-server] [           main] com.netflix.discovery.DiscoveryClient    : Initializing Eureka in region us-east-1
2024-10-06T12:29:02.073+02:00  INFO 25990 --- [zuul-server] [           main] c.n.d.s.r.aws.ConfigClusterResolver      : Resolving eureka endpoints via configuration
2024-10-06T12:29:02.082+02:00  INFO 25990 --- [zuul-server] [           main] com.netflix.discovery.DiscoveryClient    : Disable delta property : false
2024-10-06T12:29:02.082+02:00  INFO 25990 --- [zuul-server] [           main] com.netflix.discovery.DiscoveryClient    : Single vip registry refresh property : null
2024-10-06T12:29:02.082+02:00  INFO 25990 --- [zuul-server] [           main] com.netflix.discovery.DiscoveryClient    : Force full registry fetch : false
2024-10-06T12:29:02.082+02:00  INFO 25990 --- [zuul-server] [           main] com.netflix.discovery.DiscoveryClient    : Application is null : false
2024-10-06T12:29:02.082+02:00  INFO 25990 --- [zuul-server] [           main] com.netflix.discovery.DiscoveryClient    : Registered Applications size is zero : true
2024-10-06T12:29:02.082+02:00  INFO 25990 --- [zuul-server] [           main] com.netflix.discovery.DiscoveryClient    : Application version is -1: true
2024-10-06T12:29:02.082+02:00  INFO 25990 --- [zuul-server] [           main] com.netflix.discovery.DiscoveryClient    : Getting all instance registry info from the eureka server
2024-10-06T12:29:02.243+02:00  INFO 25990 --- [zuul-server] [           main] com.netflix.discovery.DiscoveryClient    : The response status is 200
2024-10-06T12:29:02.244+02:00  INFO 25990 --- [zuul-server] [           main] com.netflix.discovery.DiscoveryClient    : Starting heartbeat executor: renew interval is: 30
2024-10-06T12:29:02.245+02:00  INFO 25990 --- [zuul-server] [           main] c.n.discovery.InstanceInfoReplicator     : InstanceInfoReplicator onDemand update allowed rate per min is 4
2024-10-06T12:29:02.248+02:00  INFO 25990 --- [zuul-server] [           main] com.netflix.discovery.DiscoveryClient    : Discovery Client initialized at timestamp 1728210542248 with initial instances count: 1
2024-10-06T12:29:02.253+02:00  INFO 25990 --- [zuul-server] [           main] o.s.c.n.e.s.EurekaServiceRegistry        : Registering application ZUUL-SERVER with eureka with status UP
2024-10-06T12:29:02.253+02:00  INFO 25990 --- [zuul-server] [           main] com.netflix.discovery.DiscoveryClient    : Saw local status change event StatusChangeEvent [timestamp=1728210542253, current=UP, previous=STARTING]
2024-10-06T12:29:02.254+02:00  INFO 25990 --- [zuul-server] [nfoReplicator-0] com.netflix.discovery.DiscoveryClient    : DiscoveryClient_ZUUL-SERVER/10.188.226.15:zuul-server:9004: registering service...
2024-10-06T12:29:02.268+02:00  INFO 25990 --- [zuul-server] [           main] c.m.z.ZuulServerApplicationTests         : Started ZuulServerApplicationTests in 2.408 seconds (process running for 2.85)
2024-10-06T12:29:02.285+02:00  INFO 25990 --- [zuul-server] [nfoReplicator-0] com.netflix.discovery.DiscoveryClient    : DiscoveryClient_ZUUL-SERVER/10.188.226.15:zuul-server:9004 - registration status: 204
]]></system-out>
  </testcase>
</testsuite>