<?xml version="1.0" encoding="UTF-8"?>
<testsuite xmlns:xsi="http://www.w3.org/2001/XMLSchema-instance" xsi:noNamespaceSchemaLocation="https://maven.apache.org/surefire/maven-surefire-plugin/xsd/surefire-test-report-3.0.xsd" version="3.0" name="com.microservices.microservicecommandes.MicroserviceCommandesApplicationTests" time="6.07" tests="1" errors="0" skipped="0" failures="0">
  <properties>
[...]
</properties>
  <testcase name="contextLoads" classname="com.microservices.microservicecommandes.MicroserviceCommandesApplicationTests" time="0.411">
    <system-out><![CDATA[12:48:01.385 [main] INFO org.springframework.test.context.support.AnnotationConfigContextLoaderUtils -- Could not detect default configuration classes for test class [com.microservices.microservicecommandes.MicroserviceCommandesApplicationTests]: MicroserviceCommandesApplicationTests does not declare any static, non-private, non-final, nested classes annotated with @Configuration.
12:48:01.471 [main] INFO org.springframework.boot.test.context.SpringBootTestContextBootstrapper -- Found @SpringBootConfiguration com.microservices.microservicecommandes.MicroserviceCommandesApplication for test class com.microservices.microservicecommandes.MicroserviceCommandesApplicationTests
12:48:01.601 [main] INFO org.springframework.boot.devtools.restart.RestartApplicationListener -- Restart disabled due to context in which it is running

  .   ____          _            __ _ _
 /\\ / ___'_ __ _ _(_)_ __  __ _ \ \ \ \
( ( )\___ | '_ | '_| | '_ \/ _` | \ \ \ \
 \\/  ___)| |_)| | | | | || (_| |  ) ) ) )
  '  |____| .__|_| |_|_| |_\__, | / / / /
 =========|_|==============|___/=/_/_/_/

 :: Spring Boot ::                (v3.3.4)

2024-11-08T12:48:02.155+01:00  INFO 63469 --- [microservice-commandes] [           main] c.c.c.ConfigServicePropertySourceLocator : Fetching config from server at : http://localhost:8888
2024-11-08T12:48:03.519+01:00  INFO 63469 --- [microservice-commandes] [           main] c.c.c.ConfigServicePropertySourceLocator : Located environment: name=microservice-commandes, profiles=[default], label=null, version=4779de4573cba89ad7ff8c5f10295fd325d519bb, state=null
2024-11-08T12:48:03.520+01:00  INFO 63469 --- [microservice-commandes] [           main] b.c.PropertySourceBootstrapConfiguration : Located property source: [BootstrapPropertySource {name='bootstrapProperties-configClient'}, BootstrapPropertySource {name='bootstrapProperties-https://github.com/aminajalidy/microservices-architecture/config-server-repo/microservice-commandes.properties'}]
2024-11-08T12:48:03.528+01:00  WARN 63469 --- [microservice-commandes] [           main] ory$DuplicateJsonObjectContextCustomizer : 

Found multiple occurrences of org.json.JSONObject on the class path:

	jar:file:/Users/jalidyamina/.m2/repository/com/vaadin/external/google/android-json/0.0.20131108.vaadin1/android-json-0.0.20131108.vaadin1.jar!/org/json/JSONObject.class
	jar:file:/Users/jalidyamina/.m2/repository/org/json/json/20240303/json-20240303.jar!/org/json/JSONObject.class

You may wish to exclude one of them to ensure predictable runtime behavior

2024-11-08T12:48:03.534+01:00  INFO 63469 --- [microservice-commandes] [           main] .m.MicroserviceCommandesApplicationTests : No active profile set, falling back to 1 default profile: "default"
2024-11-08T12:48:04.019+01:00  INFO 63469 --- [microservice-commandes] [           main] .s.d.r.c.RepositoryConfigurationDelegate : Bootstrapping Spring Data JPA repositories in DEFAULT mode.
2024-11-08T12:48:04.138+01:00  INFO 63469 --- [microservice-commandes] [           main] .s.d.r.c.RepositoryConfigurationDelegate : Finished Spring Data repository scanning in 112 ms. Found 1 JPA repository interface.
2024-11-08T12:48:04.367+01:00  INFO 63469 --- [microservice-commandes] [           main] o.s.cloud.context.scope.GenericScope     : BeanFactory id=8d90bea0-1b6c-3e5c-a4b9-d2f32232a9c7
2024-11-08T12:48:04.457+01:00  WARN 63469 --- [microservice-commandes] [           main] trationDelegate$BeanPostProcessorChecker : Bean 'org.springframework.cloud.client.loadbalancer.LoadBalancerAutoConfiguration$DeferringLoadBalancerInterceptorConfig' of type [org.springframework.cloud.client.loadbalancer.LoadBalancerAutoConfiguration$DeferringLoadBalancerInterceptorConfig] is not eligible for getting processed by all BeanPostProcessors (for example: not eligible for auto-proxying). The currently created BeanPostProcessor [lbRestClientPostProcessor] is declared through a non-static factory method on that class; consider declaring it as static instead.
2024-11-08T12:48:04.459+01:00  WARN 63469 --- [microservice-commandes] [           main] trationDelegate$BeanPostProcessorChecker : Bean 'deferringLoadBalancerInterceptor' of type [org.springframework.cloud.client.loadbalancer.DeferringLoadBalancerInterceptor] is not eligible for getting processed by all BeanPostProcessors (for example: not eligible for auto-proxying). Is this bean getting eagerly injected into a currently created BeanPostProcessor [lbRestClientPostProcessor]? Check the corresponding BeanPostProcessor declaration and its dependencies.
2024-11-08T12:48:04.546+01:00  INFO 63469 --- [microservice-commandes] [           main] com.zaxxer.hikari.HikariDataSource       : HikariPool-1 - Starting...
2024-11-08T12:48:04.729+01:00  INFO 63469 --- [microservice-commandes] [           main] com.zaxxer.hikari.pool.HikariPool        : HikariPool-1 - Added connection conn0: url=jdbc:h2:mem:be15e3c2-8e81-4e51-8911-77966e643d63 user=SA
2024-11-08T12:48:04.730+01:00  INFO 63469 --- [microservice-commandes] [           main] com.zaxxer.hikari.HikariDataSource       : HikariPool-1 - Start completed.
2024-11-08T12:48:04.776+01:00  INFO 63469 --- [microservice-commandes] [           main] o.hibernate.jpa.internal.util.LogHelper  : HHH000204: Processing PersistenceUnitInfo [name: default]
2024-11-08T12:48:04.832+01:00  INFO 63469 --- [microservice-commandes] [           main] org.hibernate.Version                    : HHH000412: Hibernate ORM core version 6.5.3.Final
2024-11-08T12:48:04.863+01:00  INFO 63469 --- [microservice-commandes] [           main] o.h.c.internal.RegionFactoryInitiator    : HHH000026: Second-level cache disabled
2024-11-08T12:48:05.096+01:00  INFO 63469 --- [microservice-commandes] [           main] o.s.o.j.p.SpringPersistenceUnitInfo      : No LoadTimeWeaver setup: ignoring JPA class transformer
2024-11-08T12:48:05.713+01:00  INFO 63469 --- [microservice-commandes] [           main] o.h.e.t.j.p.i.JtaPlatformInitiator       : HHH000489: No JTA platform available (set 'hibernate.transaction.jta.platform' to enable JTA platform integration)
Hibernate: drop table if exists commande cascade 
Hibernate: drop sequence if exists commande_seq
Hibernate: create sequence commande_seq start with 1 increment by 50
Hibernate: create table commande (commande_payee boolean, id integer not null, product_id integer, quantite integer, date_commande timestamp(6), primary key (id))
2024-11-08T12:48:05.738+01:00  INFO 63469 --- [microservice-commandes] [           main] j.LocalContainerEntityManagerFactoryBean : Initialized JPA EntityManagerFactory for persistence unit 'default'
2024-11-08T12:48:05.975+01:00  WARN 63469 --- [microservice-commandes] [           main] JpaBaseConfiguration$JpaWebConfiguration : spring.jpa.open-in-view is enabled by default. Therefore, database queries may be performed during view rendering. Explicitly configure spring.jpa.open-in-view to disable this warning
2024-11-08T12:48:06.385+01:00  INFO 63469 --- [microservice-commandes] [           main] o.s.b.a.h2.H2ConsoleAutoConfiguration    : H2 console available at '/h2-console'. Database available at 'jdbc:h2:mem:be15e3c2-8e81-4e51-8911-77966e643d63'
2024-11-08T12:48:06.462+01:00  INFO 63469 --- [microservice-commandes] [           main] DiscoveryClientOptionalArgsConfiguration : Eureka HTTP Client uses RestTemplate.
2024-11-08T12:48:06.486+01:00  WARN 63469 --- [microservice-commandes] [           main] iguration$LoadBalancerCaffeineWarnLogger : Spring Cloud LoadBalancer is currently working with the default cache. While this cache implementation is useful for development and tests, it's recommended to use Caffeine cache in production.You can switch to using Caffeine cache, by adding it and org.springframework.cache.caffeine.CaffeineCacheManager to the classpath.
2024-11-08T12:48:06.502+01:00  INFO 63469 --- [microservice-commandes] [           main] o.s.c.n.eureka.InstanceInfoFactory       : Setting initial instance status as: STARTING
2024-11-08T12:48:06.590+01:00  INFO 63469 --- [microservice-commandes] [           main] com.netflix.discovery.DiscoveryClient    : Initializing Eureka in region us-east-1
2024-11-08T12:48:06.593+01:00  INFO 63469 --- [microservice-commandes] [           main] c.n.d.s.r.aws.ConfigClusterResolver      : Resolving eureka endpoints via configuration
2024-11-08T12:48:06.607+01:00  INFO 63469 --- [microservice-commandes] [           main] com.netflix.discovery.DiscoveryClient    : Disable delta property : false
2024-11-08T12:48:06.608+01:00  INFO 63469 --- [microservice-commandes] [           main] com.netflix.discovery.DiscoveryClient    : Single vip registry refresh property : null
2024-11-08T12:48:06.608+01:00  INFO 63469 --- [microservice-commandes] [           main] com.netflix.discovery.DiscoveryClient    : Force full registry fetch : false
2024-11-08T12:48:06.608+01:00  INFO 63469 --- [microservice-commandes] [           main] com.netflix.discovery.DiscoveryClient    : Application is null : false
2024-11-08T12:48:06.608+01:00  INFO 63469 --- [microservice-commandes] [           main] com.netflix.discovery.DiscoveryClient    : Registered Applications size is zero : true
2024-11-08T12:48:06.608+01:00  INFO 63469 --- [microservice-commandes] [           main] com.netflix.discovery.DiscoveryClient    : Application version is -1: true
2024-11-08T12:48:06.608+01:00  INFO 63469 --- [microservice-commandes] [           main] com.netflix.discovery.DiscoveryClient    : Getting all instance registry info from the eureka server
2024-11-08T12:48:06.851+01:00  INFO 63469 --- [microservice-commandes] [           main] com.netflix.discovery.DiscoveryClient    : The response status is 200
2024-11-08T12:48:06.854+01:00  INFO 63469 --- [microservice-commandes] [           main] com.netflix.discovery.DiscoveryClient    : Starting heartbeat executor: renew interval is: 30
2024-11-08T12:48:06.855+01:00  INFO 63469 --- [microservice-commandes] [           main] c.n.discovery.InstanceInfoReplicator     : InstanceInfoReplicator onDemand update allowed rate per min is 4
2024-11-08T12:48:06.859+01:00  INFO 63469 --- [microservice-commandes] [           main] com.netflix.discovery.DiscoveryClient    : Discovery Client initialized at timestamp 1731066486858 with initial instances count: 4
2024-11-08T12:48:06.862+01:00  INFO 63469 --- [microservice-commandes] [           main] o.s.c.n.e.s.EurekaServiceRegistry        : Registering application MICROSERVICE-COMMANDES with eureka with status UP
2024-11-08T12:48:06.862+01:00  INFO 63469 --- [microservice-commandes] [           main] com.netflix.discovery.DiscoveryClient    : Saw local status change event StatusChangeEvent [timestamp=1731066486862, current=UP, previous=STARTING]
2024-11-08T12:48:06.863+01:00  INFO 63469 --- [microservice-commandes] [nfoReplicator-0] com.netflix.discovery.DiscoveryClient    : DiscoveryClient_MICROSERVICE-COMMANDES/172.20.10.2:microservice-commandes:8081: registering service...
2024-11-08T12:48:06.881+01:00  INFO 63469 --- [microservice-commandes] [           main] .m.MicroserviceCommandesApplicationTests : Started MicroserviceCommandesApplicationTests in 5.296 seconds (process running for 6.192)
2024-11-08T12:48:06.898+01:00  INFO 63469 --- [microservice-commandes] [nfoReplicator-0] com.netflix.discovery.DiscoveryClient    : DiscoveryClient_MICROSERVICE-COMMANDES/172.20.10.2:microservice-commandes:8081 - registration status: 204
]]></system-out>
  </testcase>
</testsuite>