<?xml version="1.0" encoding="UTF-8"?>
<testsuite xmlns:xsi="http://www.w3.org/2001/XMLSchema-instance" xsi:noNamespaceSchemaLocation="https://maven.apache.org/surefire/maven-surefire-plugin/xsd/surefire-test-report-3.0.xsd" version="3.0" name="com.microservices.eurekaserver.EurekaServerApplicationTests" time="6.773" tests="1" errors="0" skipped="0" failures="0">
  <properties>
[...]
</properties>
  <testcase name="contextLoads" classname="com.microservices.eurekaserver.EurekaServerApplicationTests" time="0.416">
    <system-out><![CDATA[12:27:50.210 [main] INFO org.springframework.test.context.support.AnnotationConfigContextLoaderUtils -- Could not detect default configuration classes for test class [com.microservices.eurekaserver.EurekaServerApplicationTests]: EurekaServerApplicationTests does not declare any static, non-private, non-final, nested classes annotated with @Configuration.
12:27:50.253 [main] INFO org.springframework.boot.test.context.SpringBootTestContextBootstrapper -- Found @SpringBootConfiguration com.microservices.eurekaserver.EurekaServerApplication for test class com.microservices.eurekaserver.EurekaServerApplicationTests

  .   ____          _            __ _ _
 /\\ / ___'_ __ _ _(_)_ __  __ _ \ \ \ \
( ( )\___ | '_ | '_| | '_ \/ _` | \ \ \ \
 \\/  ___)| |_)| | | | | || (_| |  ) ) ) )
  '  |____| .__|_| |_|_| |_\__, | / / / /
 =========|_|==============|___/=/_/_/_/

 :: Spring Boot ::                (v3.3.4)

2024-10-06T12:27:50.627+02:00  INFO 24775 --- [eureka-server] [           main] c.c.c.ConfigServicePropertySourceLocator : Fetching config from server at : http://localhost:8888
2024-10-06T12:27:54.943+02:00  INFO 24775 --- [eureka-server] [           main] c.c.c.ConfigServicePropertySourceLocator : Located environment: name=eureka-server, profiles=[default], label=null, version=ad2b871a0a0fd2c31b13cec598de5378d6666189, state=null
2024-10-06T12:27:54.963+02:00  INFO 24775 --- [eureka-server] [           main] b.c.PropertySourceBootstrapConfiguration : Located property source: [BootstrapPropertySource {name='bootstrapProperties-configClient'}, BootstrapPropertySource {name='bootstrapProperties-https://github.com/aminajalidy/microservices-architecture/config-server-repo/eureka-server.properties'}]
2024-10-06T12:27:55.005+02:00  INFO 24775 --- [eureka-server] [           main] c.m.e.EurekaServerApplicationTests       : No active profile set, falling back to 1 default profile: "default"
2024-10-06T12:27:55.576+02:00  INFO 24775 --- [eureka-server] [           main] o.s.cloud.context.scope.GenericScope     : BeanFactory id=b7a62861-7635-3319-a24f-bf3378b37d86
2024-10-06T12:27:55.625+02:00  WARN 24775 --- [eureka-server] [           main] trationDelegate$BeanPostProcessorChecker : Bean 'org.springframework.cloud.client.loadbalancer.LoadBalancerAutoConfiguration$DeferringLoadBalancerInterceptorConfig' of type [org.springframework.cloud.client.loadbalancer.LoadBalancerAutoConfiguration$DeferringLoadBalancerInterceptorConfig] is not eligible for getting processed by all BeanPostProcessors (for example: not eligible for auto-proxying). The currently created BeanPostProcessor [lbRestClientPostProcessor] is declared through a non-static factory method on that class; consider declaring it as static instead.
2024-10-06T12:27:55.626+02:00  WARN 24775 --- [eureka-server] [           main] trationDelegate$BeanPostProcessorChecker : Bean 'deferringLoadBalancerInterceptor' of type [org.springframework.cloud.client.loadbalancer.DeferringLoadBalancerInterceptor] is not eligible for getting processed by all BeanPostProcessors (for example: not eligible for auto-proxying). Is this bean getting eagerly injected into a currently created BeanPostProcessor [lbRestClientPostProcessor]? Check the corresponding BeanPostProcessor declaration and its dependencies.
2024-10-06T12:27:56.087+02:00  WARN 24775 --- [eureka-server] [           main] iguration$LoadBalancerCaffeineWarnLogger : Spring Cloud LoadBalancer is currently working with the default cache. While this cache implementation is useful for development and tests, it's recommended to use Caffeine cache in production.You can switch to using Caffeine cache, by adding it and org.springframework.cache.caffeine.CaffeineCacheManager to the classpath.
2024-10-06T12:27:56.195+02:00  INFO 24775 --- [eureka-server] [           main] o.s.c.n.eureka.InstanceInfoFactory       : Setting initial instance status as: STARTING
2024-10-06T12:27:56.210+02:00  INFO 24775 --- [eureka-server] [           main] com.netflix.discovery.DiscoveryClient    : Initializing Eureka in region us-east-1
2024-10-06T12:27:56.210+02:00  INFO 24775 --- [eureka-server] [           main] com.netflix.discovery.DiscoveryClient    : Client configured to neither register nor query for data.
2024-10-06T12:27:56.215+02:00  INFO 24775 --- [eureka-server] [           main] com.netflix.discovery.DiscoveryClient    : Discovery Client initialized at timestamp 1728210476215 with initial instances count: 0
2024-10-06T12:27:56.239+02:00  INFO 24775 --- [eureka-server] [           main] c.n.eureka.DefaultEurekaServerContext    : Initializing ...
2024-10-06T12:27:56.240+02:00  INFO 24775 --- [eureka-server] [           main] c.n.eureka.cluster.PeerEurekaNodes       : Adding new peer nodes [http://localhost:8762/eureka/]
2024-10-06T12:27:56.318+02:00  INFO 24775 --- [eureka-server] [           main] c.n.d.provider.DiscoveryJerseyProvider   : Using JSON encoding codec LegacyJacksonJson
2024-10-06T12:27:56.319+02:00  INFO 24775 --- [eureka-server] [           main] c.n.d.provider.DiscoveryJerseyProvider   : Using JSON decoding codec LegacyJacksonJson
2024-10-06T12:27:56.319+02:00  INFO 24775 --- [eureka-server] [           main] c.n.d.provider.DiscoveryJerseyProvider   : Using XML encoding codec XStreamXml
2024-10-06T12:27:56.319+02:00  INFO 24775 --- [eureka-server] [           main] c.n.d.provider.DiscoveryJerseyProvider   : Using XML decoding codec XStreamXml
2024-10-06T12:27:56.392+02:00  INFO 24775 --- [eureka-server] [           main] c.n.eureka.cluster.PeerEurekaNodes       : Replica node URL:  http://localhost:8762/eureka/
2024-10-06T12:27:56.395+02:00  INFO 24775 --- [eureka-server] [           main] c.n.e.registry.AbstractInstanceRegistry  : Finished initializing remote region registries. All known remote regions: []
2024-10-06T12:27:56.396+02:00  INFO 24775 --- [eureka-server] [           main] c.n.eureka.DefaultEurekaServerContext    : Initialized
2024-10-06T12:27:56.450+02:00  INFO 24775 --- [eureka-server] [           main] o.s.b.a.e.web.EndpointLinksResolver      : Exposing 1 endpoint beneath base path '/actuator'
2024-10-06T12:27:56.471+02:00  INFO 24775 --- [eureka-server] [           main] o.s.c.n.e.s.EurekaServiceRegistry        : Registering application EUREKA-SERVER with eureka with status UP
2024-10-06T12:27:56.477+02:00  INFO 24775 --- [eureka-server] [      Thread-11] o.s.c.n.e.server.EurekaServerBootstrap   : isAws returned false
2024-10-06T12:27:56.478+02:00  INFO 24775 --- [eureka-server] [      Thread-11] o.s.c.n.e.server.EurekaServerBootstrap   : Initialized server context
2024-10-06T12:27:56.478+02:00  INFO 24775 --- [eureka-server] [      Thread-11] c.n.e.r.PeerAwareInstanceRegistryImpl    : Got 1 instances from neighboring DS node
2024-10-06T12:27:56.478+02:00  INFO 24775 --- [eureka-server] [      Thread-11] c.n.e.r.PeerAwareInstanceRegistryImpl    : Renew threshold is: 1
2024-10-06T12:27:56.478+02:00  INFO 24775 --- [eureka-server] [      Thread-11] c.n.e.r.PeerAwareInstanceRegistryImpl    : Changing status to UP
2024-10-06T12:27:56.481+02:00  INFO 24775 --- [eureka-server] [      Thread-11] e.s.EurekaServerInitializerConfiguration : Started Eureka Server
2024-10-06T12:27:56.483+02:00  INFO 24775 --- [eureka-server] [           main] c.m.e.EurekaServerApplicationTests       : Started EurekaServerApplicationTests in 6.172 seconds (process running for 6.589)
]]></system-out>
  </testcase>
</testsuite>