<?xml version="1.0" encoding="UTF-8"?>
<testsuite xmlns:xsi="http://www.w3.org/2001/XMLSchema-instance" xsi:noNamespaceSchemaLocation="https://maven.apache.org/surefire/maven-surefire-plugin/xsd/surefire-test-report-3.0.xsd" version="3.0" name="com.microservices.configserver.ConfigServerApplicationTests" time="2.385" tests="1" errors="0" skipped="0" failures="0">
  <properties>
[...]
</properties>
  <testcase name="contextLoads" classname="com.microservices.configserver.ConfigServerApplicationTests" time="0.528">
    <system-out><![CDATA[15:43:08.477 [main] INFO org.springframework.test.context.support.AnnotationConfigContextLoaderUtils -- Could not detect default configuration classes for test class [com.microservices.configserver.ConfigServerApplicationTests]: ConfigServerApplicationTests does not declare any static, non-private, non-final, nested classes annotated with @Configuration.
15:43:08.548 [main] INFO org.springframework.boot.test.context.SpringBootTestContextBootstrapper -- Found @SpringBootConfiguration com.microservices.configserver.ConfigServerApplication for test class com.microservices.configserver.ConfigServerApplicationTests

  .   ____          _            __ _ _
 /\\ / ___'_ __ _ _(_)_ __  __ _ \ \ \ \
( ( )\___ | '_ | '_| | '_ \/ _` | \ \ \ \
 \\/  ___)| |_)| | | | | || (_| |  ) ) ) )
  '  |____| .__|_| |_|_| |_\__, | / / / /
 =========|_|==============|___/=/_/_/_/

 :: Spring Boot ::                (v3.3.4)

2024-10-06T15:43:08.859+02:00  INFO 61784 --- [config-server] [           main] c.m.c.ConfigServerApplicationTests       : Starting ConfigServerApplicationTests using Java 17.0.12 with PID 61784 (started by jalidyamina in /Users/jalidyamina/microservices-architecture/config-server)
2024-10-06T15:43:08.860+02:00  INFO 61784 --- [config-server] [           main] c.m.c.ConfigServerApplicationTests       : No active profile set, falling back to 1 default profile: "default"
2024-10-06T15:43:09.572+02:00  INFO 61784 --- [config-server] [           main] o.s.cloud.context.scope.GenericScope     : BeanFactory id=93c248dc-1028-370d-945e-e39de25cea82
2024-10-06T15:43:10.198+02:00  INFO 61784 --- [config-server] [           main] c.m.c.ConfigServerApplicationTests       : Started ConfigServerApplicationTests in 1.554 seconds (process running for 2.335)
]]></system-out>
  </testcase>
</testsuite>